<?xml version="1.0" encoding="UTF-8"?>
<testng-results ignored="0" total="1" passed="1" failed="0" skipped="0">
  <reporter-output>
  </reporter-output>
  <suite started-at="2023-10-17T12:36:24 IST" name="Suite" finished-at="2023-10-17T12:36:32 IST" duration-ms="7407">
    <groups>
    </groups>
    <test started-at="2023-10-17T12:36:24 IST" name="Test" finished-at="2023-10-17T12:36:32 IST" duration-ms="7407">
      <class name="TOPS.Athlete.Snaatak_Status">
        <test-method is-config="true" signature="initializeDriver()[pri:0, instance:TOPS.Athlete.Snaatak_Status@a87f8ec]" started-at="2023-10-17T12:36:24 IST" name="initializeDriver" finished-at="2023-10-17T12:36:27 IST" duration-ms="2252" status="PASS">
          <reporter-output>
          </reporter-output>
        </test-method> <!-- initializeDriver -->
        <test-method signature="statusCheck()[pri:0, instance:TOPS.Athlete.Snaatak_Status@a87f8ec]" started-at="2023-10-17T12:36:27 IST" name="statusCheck" finished-at="2023-10-17T12:36:29 IST" duration-ms="2762" status="PASS">
          <reporter-output>
          </reporter-output>
        </test-method> <!-- statusCheck -->
        <test-method is-config="true" signature="tearDown()[pri:0, instance:TOPS.Athlete.Snaatak_Status@a87f8ec]" started-at="2023-10-17T12:36:29 IST" name="tearDown" finished-at="2023-10-17T12:36:32 IST" duration-ms="2297" status="PASS">
          <reporter-output>
          </reporter-output>
        </test-method> <!-- tearDown -->
      </class> <!-- TOPS.Athlete.Snaatak_Status -->
    </test> <!-- Test -->
  </suite> <!-- Suite -->
</testng-results>
